[?1034h>> [INFO] Get DATA_over_MC_Loose_pt_abseta<0.9...
           10-20 : 0.975506 +/- 0.004732 0.004717
           20-25 : 0.986202 +/- 0.001308 0.001317
           25-30 : 0.993370 +/- 0.000465 0.000470
           30-35 : 0.996769 +/- 0.000254 0.000257
           35-40 : 0.997442 +/- 0.000161 0.000163
           40-50 : 0.998198 +/- 0.000092 0.000093
           50-60 : 0.995042 +/- 0.000291 0.000294
           60-90 : 0.987628 +/- 0.000621 0.000626
           90-140: 0.998926 +/- 0.002283 0.002308
          140-300: 1.002310 +/- 0.009853 0.014983
>> [INFO] Get DATA_over_MC_Loose_pt_abseta0.9-1.2...
           10-20 : 1.004528 +/- 0.000874 0.005236
           20-25 : 0.999235 +/- 0.001941 0.001964
           25-30 : 0.998903 +/- 0.000830 0.000842
           30-35 : 0.997493 +/- 0.000505 0.000512
           35-40 : 0.998633 +/- 0.000301 0.000306
           40-50 : 0.998107 +/- 0.000167 0.000169
           50-60 : 0.997018 +/- 0.000533 0.000543
           60-90 : 0.989447 +/- 0.001158 0.001176
           90-140: 1.001051 +/- 0.002045 0.004565
          140-300: 1.004306 +/- 0.004325 0.013721
>> [INFO] Get DATA_over_MC_Loose_pt_abseta1.2-2.1...
           10-20 : 1.002205 +/- 0.000410 0.000438
           20-25 : 1.003191 +/- 0.000293 0.001036
           25-30 : 0.998141 +/- 0.000470 0.000475
           30-35 : 0.998023 +/- 0.000321 0.000325
           35-40 : 0.998220 +/- 0.000226 0.000228
           40-50 : 0.998350 +/- 0.000130 0.000130
           50-60 : 0.994846 +/- 0.000409 0.000413
           60-90 : 0.984053 +/- 0.000937 0.000944
           90-140: 1.004299 +/- 0.001403 0.002123
          140-300: 0.985374 +/- 0.014626 0.025328
>> [INFO] Get DATA_over_MC_Loose_pt_abseta2.1-2.4...
           10-20 : 1.007629 +/- 0.000873 0.001442
           20-25 : 1.004649 +/- 0.002160 0.002184
           25-30 : 1.001562 +/- 0.001064 0.001076
           30-35 : 1.002207 +/- 0.000763 0.000772
           35-40 : 0.998206 +/- 0.000600 0.000607
           40-50 : 0.998661 +/- 0.000415 0.000419
           50-60 : 0.992784 +/- 0.001368 0.001385
           60-90 : 0.972010 +/- 0.003373 0.003398
           90-140: 1.015740 +/- 0.006252 0.012741
          140-300: 0.948823 +/- 0.051177 0.147477
>> [INFO] Get DATA_over_MC_Tight_pt_abseta<0.9...
           10-20 : 0.970275 +/- 0.004997 0.004982
           20-25 : 0.988865 +/- 0.001638 0.001643
           25-30 : 0.992338 +/- 0.000770 0.000774
           30-35 : 0.993283 +/- 0.000535 0.000537
           35-40 : 0.993662 +/- 0.000412 0.000415
           40-50 : 0.992392 +/- 0.000266 0.000266
           50-60 : 0.991190 +/- 0.000652 0.000655
           60-90 : 0.989417 +/- 0.001032 0.001038
           90-140: 1.003749 +/- 0.003136 0.003164
          140-300: 1.018503 +/- 0.017382 0.017259
>> [INFO] Get DATA_over_MC_Tight_pt_abseta0.9-1.2...
           10-20 : 1.001731 +/- 0.006844 0.006812
           20-25 : 0.993947 +/- 0.002493 0.002504
           25-30 : 0.994722 +/- 0.001378 0.001388
           30-35 : 0.993391 +/- 0.001036 0.001044
           35-40 : 0.992285 +/- 0.000764 0.000769
           40-50 : 0.991870 +/- 0.000477 0.000479
           50-60 : 0.995010 +/- 0.001225 0.001235
           60-90 : 0.990406 +/- 0.001941 0.001960
           90-140: 1.009028 +/- 0.006195 0.006282
          140-300: 1.010956 +/- 0.032074 0.034515
>> [INFO] Get DATA_over_MC_Tight_pt_abseta1.2-2.1...
           10-20 : 1.018018 +/- 0.003795 0.003787
           20-25 : 1.000351 +/- 0.001414 0.001418
           25-30 : 0.998486 +/- 0.000856 0.000859
           30-35 : 0.996558 +/- 0.000704 0.000707
           35-40 : 0.996026 +/- 0.000585 0.000588
           40-50 : 0.996062 +/- 0.000239 0.000239
           50-60 : 0.995183 +/- 0.000922 0.000926
           60-90 : 0.992486 +/- 0.001545 0.001553
           90-140: 1.023129 +/- 0.005351 0.005381
          140-300: 0.974754 +/- 0.030099 0.029173
>> [INFO] Get DATA_over_MC_Tight_pt_abseta2.1-2.4...
           10-20 : 1.005044 +/- 0.007015 0.006984
           20-25 : 0.998089 +/- 0.002920 0.002928
           25-30 : 0.996183 +/- 0.001790 0.001799
           30-35 : 1.000551 +/- 0.001504 0.001513
           35-40 : 0.992563 +/- 0.001329 0.001336
           40-50 : 0.995144 +/- 0.000982 0.000986
           50-60 : 0.993590 +/- 0.002640 0.002655
           60-90 : 0.989484 +/- 0.004972 0.004989
           90-140: 1.060173 +/- 0.010352 0.015680
          140-300: 0.890547 +/- 0.124062 0.160031
