[?1034h>> [INFO] Get DATA_over_MC_combRelIsoPF04dBeta<012_Tight_pt_abseta<0.9...
           10-20 : 0.940338 +/- 0.004319 0.004324
           20-25 : 0.976738 +/- 0.002177 0.002182
           25-30 : 0.996173 +/- 0.001226 0.001229
           30-35 : 0.993228 +/- 0.000798 0.000800
           35-40 : 0.993713 +/- 0.000543 0.000544
           40-45 : 0.994084 +/- 0.000273 0.000274
           50-60 : 0.996435 +/- 0.000497 0.000501
           60-90 : 0.998658 +/- 0.000578 0.000585
           90-140: 1.000330 +/- 0.001089 0.001133
          140-300: 0.998813 +/- 0.002471 0.002807
>> [INFO] Get DATA_over_MC_combRelIsoPF04dBeta<012_Tight_pt_abseta0.9-1.2...
           10-20 : 0.948434 +/- 0.004799 0.004821
           20-25 : 0.986367 +/- 0.003062 0.003080
           25-30 : 1.000356 +/- 0.002012 0.002021
           30-35 : 1.000087 +/- 0.001434 0.001440
           35-40 : 0.999092 +/- 0.000924 0.000930
           40-45 : 0.998868 +/- 0.000435 0.000437
           50-60 : 0.997890 +/- 0.000794 0.000805
           60-90 : 0.999215 +/- 0.000970 0.000994
           90-140: 1.001421 +/- 0.001708 0.001854
          140-300: 1.001854 +/- 0.004325 0.005585
>> [INFO] Get DATA_over_MC_combRelIsoPF04dBeta<012_Tight_pt_abseta1.2-2.1...
           10-20 : 0.972437 +/- 0.002315 0.002323
           20-25 : 0.990054 +/- 0.001529 0.001534
           25-30 : 1.002820 +/- 0.001033 0.001037
           30-35 : 1.004046 +/- 0.000791 0.000794
           35-40 : 1.002147 +/- 0.000562 0.000564
           40-45 : 1.000916 +/- 0.000260 0.000260
           50-60 : 1.000404 +/- 0.000480 0.000485
           60-90 : 1.000502 +/- 0.000596 0.000606
           90-140: 0.999158 +/- 0.001189 0.001261
          140-300: 0.996440 +/- 0.002359 0.003209
>> [INFO] Get DATA_over_MC_combRelIsoPF04dBeta<012_Tight_pt_abseta2.1-2.4...
           10-20 : 1.116727 +/- 0.005545 0.005565
           20-25 : 1.115540 +/- 0.004065 0.004078
           25-30 : 1.096718 +/- 0.002836 0.002847
           30-35 : 1.074812 +/- 0.002155 0.002164
           35-40 : 1.060585 +/- 0.001661 0.001668
           40-45 : 1.037707 +/- 0.000918 0.000923
           50-60 : 1.025292 +/- 0.001669 0.001692
           60-90 : 1.014950 +/- 0.002094 0.002146
           90-140: 1.008129 +/- 0.004357 0.004701
          140-300: 1.010620 +/- 0.014975 0.020880
